
ROM used: 195 (19%)
          195 (19%) including unused fragments

          1 Average locations per line
          3 Average locations per statement

RAM used: 19 (28%) at main() level
          25 (37%) worst case

Stack used: 2 worst case (out of 7 total available)

Lines Stmts  %   Files
----- ----- ---  -----
  258    58 100  main.c
  116     0   0  F:\INSTAL~1\ELECTR~1\PICC\devices\16F84A.h
----- -----
  374    58 Total

Page ROM  %  RAM   Vol Diff  Functions:
---- --- --- ---   --- ----  ----------
0     18   9   0   179  3.6  timer0_isr
0      3   2   0    21  0.9  configPorts
0     32  16   2   366  5.2  readAD
0     48  25   6   417  5.8  writeDA
0      9   5   0    65  1.6  setupTimer
0      2   1   0    21  0.9  startTimer
0      7   4   0   113  1.3  setInitialState
0     18   9   0   119  2.1  MAIN

Program metrics:
    Functions               8
    Statements              58
    Comments                108
    Volume (V)              2005
    Difficilty (D)          21.7
    Effort to implement (E) 43573
    Time to implement (T)   40 minutes
    Est Delivered Bugs (B)  0
    Cyclomatic Complexity   6
    Maintainability (MI)    82

 Segment     Used  Free
-----------  ----  ----
00000-00003     4  0  
00004-00039    54  0  
0003A-003FF   137  829  



